<?xml version="1.0" encoding="UTF-8"?>
<!-- Generated by org.testng.reporters.JUnitReportReporter -->
<testsuite hostname="USMUMABHISHAGR2" name="web.TestSeleniumEasy" tests="2" failures="0" timestamp="26 Mar 2019 09:01:34 GMT" time="18.620" errors="0">
  <testcase name="testCheckBox" time="10.777" classname="web.TestSeleniumEasy"/>
  <testcase name="testInputField" time="7.843" classname="web.TestSeleniumEasy"/>
</testsuite> <!-- web.TestSeleniumEasy -->
