<?xml version="1.0" encoding="UTF-8"?>
<!-- Generated by org.testng.reporters.JUnitReportReporter -->
<testsuite hostname="USMUMABHISHAGR2" name="web.TestSeleniumEasy" tests="2" failures="0" timestamp="25 Mar 2019 06:38:34 GMT" time="22.245" errors="0">
  <testcase name="testCheckBox" time="11.984" classname="web.TestSeleniumEasy"/>
  <testcase name="testInputField" time="10.261" classname="web.TestSeleniumEasy"/>
</testsuite> <!-- web.TestSeleniumEasy -->
