<?xml version="1.0" encoding="UTF-8"?>
<!-- Generated by org.testng.reporters.JUnitReportReporter -->
<testsuite hostname="USMUMABHISHAGR2" name="web.TestSeleniumEasy" tests="2" failures="0" timestamp="26 Mar 2019 14:34:28 GMT" time="28.802" errors="0">
  <testcase name="testCheckBox" time="14.858" classname="web.TestSeleniumEasy"/>
  <testcase name="testInputField" time="13.944" classname="web.TestSeleniumEasy"/>
</testsuite> <!-- web.TestSeleniumEasy -->
