<?xml version="1.0" encoding="UTF-8"?>
<!-- Generated by org.testng.reporters.JUnitReportReporter -->
<testsuite skipped="0" hostname="USMUMABHISHAGR2" name="web.AgodaHotelBook" tests="1" failures="0" timestamp="12 Apr 2019 02:57:28 GMT" time="11.021" errors="0">
  <testcase name="f" time="11.021" classname="web.AgodaHotelBook"/>
</testsuite> <!-- web.AgodaHotelBook -->
