<?xml version="1.0" encoding="UTF-8"?>
<!-- Generated by org.testng.reporters.JUnitReportReporter -->
<testsuite hostname="USMUMABHISHAGR2" name="web.TestSeleniumEasy" tests="2" failures="0" timestamp="24 Mar 2019 15:32:29 GMT" time="23.820" errors="0">
  <testcase name="testCheckBox" time="12.323" classname="web.TestSeleniumEasy"/>
  <testcase name="testInputField" time="11.497" classname="web.TestSeleniumEasy"/>
</testsuite> <!-- web.TestSeleniumEasy -->
