<?xml version="1.0" encoding="UTF-8"?>
<!-- Generated by org.testng.reporters.JUnitReportReporter -->
<testsuite hostname="USMUMABHISHAGR2" name="learning.PracticeAutomation.AgodaTest" tests="3" failures="0" timestamp="13 Apr 2019 09:58:41 GMT" time="0.007" errors="0">
  <testcase name="searchHotelwithMinimumPrice" time="0.001" classname="learning.PracticeAutomation.AgodaTest"/>
  <testcase name="confirmBooking" time="0.003" classname="learning.PracticeAutomation.AgodaTest"/>
  <testcase name="enterDetails" time="0.003" classname="learning.PracticeAutomation.AgodaTest"/>
</testsuite> <!-- learning.PracticeAutomation.AgodaTest -->
