<?xml version="1.0" encoding="UTF-8"?>
<!-- Generated by org.testng.reporters.JUnitReportReporter -->
<testsuite hostname="USMUMABHISHAGR2" name="learning.PracticeAutomation.DeliveryHeroTest" tests="1" failures="0" timestamp="13 Apr 2019 09:58:41 GMT" time="0.001" errors="0">
  <testcase name="enterDetails" time="0.001" classname="learning.PracticeAutomation.DeliveryHeroTest"/>
</testsuite> <!-- learning.PracticeAutomation.DeliveryHeroTest -->
